Arguments: 
  C:\Program Files\nodejs\node.exe C:\Users\HP\AppData\Roaming\npm\node_modules\yarn\bin\yarn.js add firebase

PATH: 
  C:\Program Files\Common Files\Oracle\Java\javapath;C:\Python27\;C:\Python27\Scripts;C:\Program Files\Python37-32\Scripts\;C:\Program Files\Python37-32\;C:\Windows\system32;C:\Windows;C:\Windows\System32\Wbem;C:\Windows\System32\WindowsPowerShell\v1.0\;C:\Program Files\Python37-32\Scripts;C:\Program Files\Git\cmd;C:\Program Files\Microsoft VS Code\bin;C:\Program Files\GtkSharp\2.12\bin;C:\ProgramData\chocolatey\bin;C:\Program Files\nodejs\;C:\Users\HP\AppData\Roaming\npm;C:\Users\HP\AppData\Roaming\npm

Yarn version: 
  1.19.1

Node version: 
  10.16.3

Platform: 
  win32 ia32

Trace: 
  Error: https://registry.yarnpkg.com/hermes-engine/-/hermes-engine-0.2.1.tgz: unexpected end of file
      at Zlib.zlibOnError [as onerror] (zlib.js:162:17)

npm manifest: 
  {
    "main": "node_modules/expo/AppEntry.js",
    "scripts": {
      "start": "expo start",
      "android": "expo start --android",
      "ios": "expo start --ios",
      "web": "expo start --web",
      "eject": "expo eject"
    },
    "dependencies": {
      "@react-native-community/masked-view": "^0.1.5",
      "expo": "~36.0.0",
      "expo-cli": "^3.11.7",
      "react": "~16.9.0",
      "react-dom": "~16.9.0",
      "react-native": "https://github.com/expo/react-native/archive/sdk-36.0.0.tar.gz",
      "react-native-animatable": "^1.3.3",
      "react-native-elements": "^1.2.7",
      "react-native-gesture-handler": "^1.5.3",
      "react-native-material-menu": "^1.0.0",
      "react-native-modalbox": "^2.0.0",
      "react-native-safe-area-context": "^0.6.2",
      "react-native-vector-icons": "^6.6.0",
      "react-native-web": "~0.11.7",
      "react-navigation": "^4.0.10",
      "react-navigation-stack": "^2.0.13"
    },
    "devDependencies": {
      "babel-preset-expo": "~8.0.0",
      "@babel/core": "^7.0.0"
    },
    "private": true
  }

yarn manifest: 
  No manifest

Lockfile: 
  No lockfile
